============================================
Dataset: auto2.csv
============================================
Mean results of best outcomes from 20 runs
============================================

         CityMPG+   HighwayMPG+     Weight-     Class-
all      21.0       28.0            3040.0      17.7
sway1    30.95      35.65           2296.25     10.16
xpln1    28.6       33.05           2348.5      10.63
sway2    30.25      35.55           2286.5      10.03
xpln2    22.0       28.95           2910.25     16.37
top      46.0       50.0            1695.0      8.4


============================================
Effect Size Test Comparison - Cliff's Delta
============================================
                 CityMPG+       HighwayMPG+     Weight- Class-
all to all       =      =       =       =
all to sway1     ≠      ≠       ≠       ≠
all to sway2     ≠      ≠       ≠       ≠
sway1 to sway2   =      =       =       =
sway1 to xpln1   ≠      ≠       =       =
sway2 to xpln2   ≠      ≠       ≠       ≠
sway1 to top     ≠      ≠       ≠       ≠


============================================
ScottsKnot
============================================

ScottsKnot for: CityMPG+
        1       all      *                  |                    { 21.00,  21.00,  21.00,  21.00,  21.00}
        1       xpln2    *-------           |                    { 21.00,  21.00,  21.00,  21.00,  25.00}
        2       xpln1    ----------------*  | -----              { 21.00,  29.00,  29.00,  31.00,  33.00}
        2       sway2                  --*  |   ---              { 28.00,  29.00,  29.00,  32.00,  33.00}
        2       sway1                  -----|     *              { 28.00,  30.00,  33.00,  33.00,  33.00}

ScottsKnot for: HighwayMPG+
        1       all      *                  |                    { 28.00,  28.00,  28.00,  28.00,  28.00}
        1       xpln2    *------------      |                    { 28.00,  28.00,  28.00,  28.00,  33.00}
        2       xpln1    ------------*  ----|----                { 28.00,  33.00,  33.00,  34.00,  37.00}
        3       sway2                -      |*  -----------      { 33.00,  33.00,  36.00,  37.00,  41.00}
        3       sway1                -------|-  *                { 33.00,  36.00,  37.00,  37.00,  37.00}

ScottsKnot for: Weight-
        1       sway1      -     *   -------|-------------       {2055.00, 2055.00, 2240.00, 2345.00, 2910.00}
        1       sway2     -------- *--------|-----               {2045.00, 2240.00, 2295.00, 2325.00, 2690.00}
        1       xpln1     ---------  *------|------------------  {2045.00, 2270.00, 2345.00, 2345.00, 3040.00}
        2       xpln2            -----------|-----------------*  {2240.00, 3040.00, 3040.00, 3040.00, 3040.00}
        2       all                         |                 *  {3040.00, 3040.00, 3040.00, 3040.00, 3040.00}

ScottsKnot for: Class-
        1       sway1    *------------------|                    {  8.40,   8.60,   8.60,   9.10,  15.70}
        1       sway2    - * ------         |                    {  8.60,   8.60,   9.80,  10.30,  12.20}
        1       xpln1    -  *---------------|------              {  8.40,   9.10,  10.00,  10.00,  17.70}
        2       xpln2    -------------------|-----*              {  9.10,  17.70,  17.70,  17.70,  17.70}
        2       all                         |     *              { 17.70,  17.70,  17.70,  17.70,  17.70}