============================================
Dataset: auto93.csv
============================================
Mean results of best outcomes from 20 runs
============================================

         Lbs-       Acc+    Mpg+
all      2807.0     15.5    20.0
sway1    2144.05    16.26   32.0
xpln1    2715.25    15.53   22.0
sway2    2164.3     16.18   34.0
xpln2    2807.0     15.5    20.0
top      2130.0     24.6    40.0


============================================
Effect Size Test Comparison - Cliff's Delta
============================================
                 Lbs-   Acc+    Mpg+
all to all       =      =       =
all to sway1     ≠      ≠       ≠
all to sway2     ≠      ≠       ≠
sway1 to sway2   =      =       =
sway1 to xpln1   ≠      ≠       ≠
sway2 to xpln2   ≠      ≠       ≠
sway1 to top     =      ≠       ≠


============================================
ScottsKnot
============================================

ScottsKnot for: Lbs-
        1       sway2     -     *  ---------|                    {2019.00, 2020.00, 2150.00, 2205.00, 2395.00}
        1       sway1     ----- * -------   |                    {2025.00, 2110.00, 2155.00, 2188.00, 2310.00}
        2       xpln2                       |                   *{2807.00, 2807.00, 2807.00, 2807.00, 2807.00}
        2       xpln1                       |   ----------------*{2490.00, 2807.00, 2807.00, 2807.00, 2807.00}
        2       all                         |                   *{2807.00, 2807.00, 2807.00, 2807.00, 2807.00}

ScottsKnot for: Acc+
        1       all                   *     |                    { 15.50,  15.50,  15.50,  15.50,  15.50}
        1       xpln1                 *-----|-                   { 15.50,  15.50,  15.50,  15.50,  16.40}
        1       xpln2                 *     |                    { 15.50,  15.50,  15.50,  15.50,  15.50}
        2       sway1               ----- * |   ---------        { 15.20,  15.80,  16.00,  16.90,  18.00}
        2       sway2                 --- * | ----               { 15.50,  15.80,  16.00,  16.60,  17.00}

ScottsKnot for: Mpg+
        1       all      *                  |                    { 20.00,  20.00,  20.00,  20.00,  20.00}
        1       xpln1    *------------------|                    { 20.00,  20.00,  20.00,  20.00,  30.00}
        1       xpln2    *                  |                    { 20.00,  20.00,  20.00,  20.00,  20.00}
        2       sway2                       *                   -{ 30.00,  30.00,  30.00,  40.00,  40.00}
        2       sway1                       *--------------------{ 30.00,  30.00,  30.00,  30.00,  40.00}