============================================
Dataset: china.csv
============================================
Mean results of best outcomes from 20 runs
============================================

         N_effort-
all      2098.0
sway1    693.85
xpln1    1370.05
sway2    726.0
xpln2    1765.75
top      31.0


============================================
Effect Size Test Comparison - Cliff's Delta
============================================
                 N_effort-
all to all       =
all to sway1     ≠
all to sway2     ≠
sway1 to sway2   =
sway1 to xpln1   ≠
sway2 to xpln2   ≠
sway1 to top     ≠


============================================
ScottsKnot
============================================

ScottsKnot for: N_effort-
        1       sway1    - * ---------      |                    {296.00, 345.00, 500.00, 700.00, 1372.00}
        1       sway2    --*    ------      |                    {300.00, 440.00, 528.00, 976.00, 1429.00}
        2       xpln1      ---   *          |---------           {525.00, 668.00, 1076.00, 2098.00, 2835.00}
        3       xpln2       ----------------|*                   {640.00, 2098.00, 2098.00, 2098.00, 2098.00}
        3       all                         |*                   {2098.00, 2098.00, 2098.00, 2098.00, 2098.00}