============================================
Dataset: coc10000.csv
============================================
Mean results of best outcomes from 20 runs
============================================

         Loc+       Risk-   Effort-
all      1001.05    5.2     19844.95
sway1    1041.8     3.15    15976.0
xpln1    998.1      5.2     18705.5
sway2    1033.95    4.9     16658.45
xpln2    1083.25    5.5     22385.75
top      1997.0     0.0     5771.0


============================================
Effect Size Test Comparison - Cliff's Delta
============================================
                 Loc+   Risk-   Effort-
all to all       =      =       =
all to sway1     ≠      ≠       ≠
all to sway2     =      =       ≠
sway1 to sway2   =      ≠       =
sway1 to xpln1   ≠      ≠       ≠
sway2 to xpln2   =      =       ≠
sway1 to top     ≠      ≠       ≠


============================================
ScottsKnot
============================================

ScottsKnot for: Loc+
        1       all               --*--     |                    {961.00, 977.00, 1000.00, 1022.00, 1066.00}
        1       xpln1             --*-      |                    {968.00, 989.00, 1008.00, 1018.00, 1042.00}
        2       sway2            --  * -----|-                   {924.00, 960.00, 1035.00, 1090.00, 1233.00}
        2       xpln2             --- *  ---|------------------  {950.00, 1009.00, 1052.00, 1124.00, 1658.00}
        2       sway1         -------  *----|-                   {866.00, 1004.00, 1081.00, 1105.00, 1219.00}

ScottsKnot for: Risk-
        1       sway1       - * ------      |                    {  2.00,   2.00,   3.00,   4.00,   6.00}
        2       sway2       -----  * -------|--                  {  2.00,   4.00,   5.00,   6.00,  10.00}
        2       xpln2       -------* -------|                    {  2.00,   5.00,   5.00,   6.00,   9.00}
        2       all                *--      |                    {  5.00,   5.00,   5.00,   5.00,   6.00}
        2       xpln1           ---*--      |                    {  4.00,   5.00,   5.00,   5.00,   6.00}

ScottsKnot for: Effort-
        1       sway1      -------   * -----|------              {8849.00, 13621.00, 16275.00, 17915.00, 26557.00}
        1       sway2        --------  *  --|-                   {9982.00, 15397.00, 18194.00, 20240.00, 22841.00}
        1       xpln1              --- *   -|--                  {14702.00, 16522.00, 18311.00, 21542.00, 23942.00}
        2       all                     -*--|                    {18622.00, 19526.00, 19877.00, 20283.00, 21447.00}
        2       xpln2               -----   | *  ---------       {15993.00, 18664.00, 23700.00, 25976.00, 32281.00}