============================================
Dataset: coc1000.csv
============================================
Mean results of best outcomes from 20 runs
============================================

         LOC+   AEXP-   PLEX-   RISK-   EFFORT-
all      1064.8 3.0     3.0     5.0     19340.6
sway1    1077.6 2.95    3.15    3.95    17956.35
xpln1    1114.65        3.1     3.05    4.95    20809.45
sway2    1042.8 2.8     3.1     6.2     21357.05
xpln2    1009.9 2.9     3.05    5.9     22036.9
top      1942.0 1.0     2.0     3.0     31323.0


============================================
Effect Size Test Comparison - Cliff's Delta
============================================
                 LOC+   AEXP-   PLEX-   RISK-   EFFORT-
all to all       =      =       =       =       =
all to sway1     =      =       =       ≠       =
all to sway2     =      =       =       =       =
sway1 to sway2   =      =       =       ≠       =
sway1 to xpln1   =      =       =       =       =
sway2 to xpln2   =      =       =       =       =
sway1 to top     ≠      ≠       ≠       =       ≠


============================================
ScottsKnot
============================================

ScottsKnot for: LOC+
        1       sway2                 ----- |*  -----            {749.00, 916.00, 1056.00, 1165.00, 1313.00}
        1       all                         |*-                  {1041.00, 1057.00, 1062.00, 1081.00, 1091.00}
        1       xpln1                       |-*-----------       {1032.00, 1060.00, 1077.00, 1115.00, 1519.00}
        1       xpln2                     --|*-----              {919.00, 1033.00, 1060.00, 1097.00, 1264.00}
        1       sway1                      -|- *----             {965.00, 1037.00, 1122.00, 1138.00, 1296.00}

ScottsKnot for: AEXP-
        1       all                         |     *              {  3.00,   3.00,   3.00,   3.00,   3.00}
        1       sway1                -------|-----*--------------{  2.00,   3.00,   3.00,   3.00,   4.00}
        1       xpln1                       |     *--------------{  3.00,   3.00,   3.00,   3.00,   4.00}
        1       sway2                -------|-----*              {  2.00,   3.00,   3.00,   3.00,   3.00}
        1       xpln2                       |     *              {  3.00,   3.00,   3.00,   3.00,   3.00}

ScottsKnot for: PLEX-
        1       all                  *      |                    {  3.00,   3.00,   3.00,   3.00,   3.00}
        1       sway1                *------|------              {  3.00,   3.00,   3.00,   3.00,   4.00}
        1       xpln1                *      |                    {  3.00,   3.00,   3.00,   3.00,   3.00}
        1       sway2    ------------*------|------              {  2.00,   3.00,   3.00,   3.00,   4.00}
        1       xpln2                *      |                    {  3.00,   3.00,   3.00,   3.00,   3.00}

ScottsKnot for: RISK-
        1       sway1     ----  *  -------  |                    {  2.00,   3.00,   4.00,   5.00,   7.00}
        2       xpln2           ---*  ------|--------            {  4.00,   5.00,   5.00,   6.00,  11.00}
        2       xpln1        ----  *------  |                    {  3.00,   4.00,   5.00,   5.00,   7.00}
        2       all                *        |                    {  5.00,   5.00,   5.00,   5.00,   5.00}
        2       sway2        ----     *  ---|-----------         {  3.00,   4.00,   6.00,   7.00,  12.00}

ScottsKnot for: EFFORT-
        1       sway1            -----  *  -|-----               {11371.00, 14740.00, 18387.00, 21522.00, 27768.00}
        1       all                     -*- |                    {18151.00, 18577.00, 19641.00, 19967.00, 20659.00}
        1       xpln2          ----------*  |  ---------------   {9177.00, 19198.00, 19641.00, 26169.00, 40503.00}
        1       xpln1               ----- * |  ----              {14003.00, 18104.00, 20085.00, 25334.00, 28963.00}
        1       sway2             ---     * |    -------         {11468.00, 14201.00, 20387.00, 27948.00, 34657.00}