============================================
Dataset: healthCloseIsses12mths0001-hard.csv
============================================
Mean results of best outcomes from 20 runs
============================================

         MRE-   ACC+    PRED40+
all      75.12  7.17    25.0
sway1    75.09  7.15    25.62
xpln1    75.08  7.18    25.62
sway2    73.75  7.54    25.0
xpln2    73.72  7.57    25.0
top      64.18  33.03   37.5


============================================
Effect Size Test Comparison - Cliff's Delta
============================================
                 MRE-   ACC+    PRED40+
all to all       =      =       =
all to sway1     ≠      ≠       =
all to sway2     ≠      ≠       =
sway1 to sway2   =      =       =
sway1 to xpln1   =      =       =
sway2 to xpln2   =      =       =
sway1 to top     ≠      ≠       ≠


============================================
ScottsKnot
============================================

ScottsKnot for: MRE-
        1       xpln2    *                  |                    { 73.51,  73.66,  73.73,  73.80,  74.07}
        1       xpln1    *                  |                    { 73.69,  73.72,  73.76,  73.83,  73.92}
        1       sway1    *-                 |                    { 73.48,  73.64,  73.83,  73.90,  74.34}
        1       sway2    *                  |                    { 73.29,  73.62,  73.81,  73.90,  74.29}
        2       all       -*                |                    { 74.82,  75.07,  75.16,  75.25,  75.39}

ScottsKnot for: ACC+
        1       all                         |               *-   {  7.10,   7.13,   7.18,   7.21,   7.24}
        2       sway1                       |                -*- {  7.40,   7.48,   7.50,   7.58,   7.68}
        2       sway2                       |                -*- {  7.40,   7.49,   7.55,   7.60,   7.66}
        2       xpln1                       |                 *  {  7.51,   7.54,   7.56,   7.58,   7.58}
        2       xpln2                       |                 *- {  7.45,   7.53,   7.56,   7.63,   7.70}

ScottsKnot for: PRED40+
        1       all      *                  |                    { 25.00,  25.00,  25.00,  25.00,  25.00}
        1       sway1    *                  |                    { 25.00,  25.00,  25.00,  25.00,  25.00}
        1       xpln1    *                  |                    { 25.00,  25.00,  25.00,  25.00,  25.00}
        1       sway2    *                  |                    { 25.00,  25.00,  25.00,  25.00,  25.00}
        1       xpln2    *                  |                    { 25.00,  25.00,  25.00,  25.00,  25.00}