============================================
Dataset: healthCloseIsses12mths0011-easy.csv
============================================
Mean results of best outcomes from 20 runs
============================================

         MRE-   ACC+    PRED40+
all      119.29 -12.24  0.0
sway1    20.1   -0.1    66.66
xpln1    0.0    0.0     83.33
sway2    25.13  -0.13   62.5
xpln2    25.13  -0.1    66.66
top      0.0    0.0     83.33


============================================
Effect Size Test Comparison - Cliff's Delta
============================================
                 MRE-   ACC+    PRED40+
all to all       =      =       =
all to sway1     ≠      ≠       ≠
all to sway2     ≠      ≠       ≠
sway1 to sway2   =      =       =
sway1 to xpln1   =      =       =
sway2 to xpln2   =      =       =
sway1 to top     =      =       =


============================================
ScottsKnot
============================================

ScottsKnot for: MRE-
        1       sway1    *------------------|-------------       {  0.00,   0.00,   0.00,   0.00, 100.53}
        1       xpln1    *                  |                    {  0.00,   0.00,   0.00,   0.00,   0.00}
        1       sway2    *------------------|-------------       {  0.00,   0.00,   0.00,   0.00, 100.53}
        1       xpln2    *------------------|-------------       {  0.00,   0.00,   0.00,   0.00, 100.53}
        2       all                         |                  * {119.19, 119.25, 119.33, 119.37, 119.46}

ScottsKnot for: ACC+
        1       all      *                  |                    {-12.29, -12.26, -12.24, -12.24, -12.16}
        2       sway2                       |                 --*{ -0.52,   0.00,   0.00,   0.00,   0.00}
        2       xpln2                       |                 --*{ -0.49,   0.00,   0.00,   0.00,   0.00}
        2       sway1                       |                 --*{ -0.49,   0.00,   0.00,   0.00,   0.00}
        2       xpln1                       |                   *{  0.00,   0.00,   0.00,   0.00,   0.00}

ScottsKnot for: PRED40+
        1       all      *                  |                    {  0.00,   0.00,   0.00,   0.00,   0.00}
        2       sway2    -------------------|-------------------*{  0.00,  83.33,  83.33,  83.33,  83.33}
        2       xpln2    -------------------|-------------------*{  0.00,  83.33,  83.33,  83.33,  83.33}
        2       sway1    -------------------|-------------------*{  0.00,  83.33,  83.33,  83.33,  83.33}
        2       xpln1                       |                   *{ 83.33,  83.33,  83.33,  83.33,  83.33}