============================================
Dataset: nasa93dem.csv
============================================
Mean results of best outcomes from 20 runs
============================================

         Kloc+  Effort- Defects-        Months-
all      47.5   252.0   2007.0  21.4
sway1    42.93  185.1   1849.0  18.48
xpln1    36.41  154.9   1489.35 17.71
sway2    39.16  156.63  1483.75 17.2
xpln2    31.45  111.0   1123.45 15.85
top      0.9    8.4     28.0    4.9


============================================
Effect Size Test Comparison - Cliff's Delta
============================================
                 Kloc+  Effort- Defects-        Months-
all to all       =      =       =       =
all to sway1     ≠      ≠       ≠       ≠
all to sway2     ≠      ≠       ≠       ≠
sway1 to sway2   =      =       =       =
sway1 to xpln1   =      =       =       =
sway2 to xpln2   =      =       =       =
sway1 to top     ≠      ≠       ≠       ≠


============================================
ScottsKnot
============================================

ScottsKnot for: Kloc+
        1       xpln2    * -----------------|-----               { 10.40,  14.00,  15.00,  20.00, 100.00}
        1       sway2    - *            ----|------              {  9.70,  15.00,  20.00,  66.60, 101.00}
        2       xpln1    -    *-------------|-----               { 10.40,  14.00,  31.50,  32.60, 100.00}
        2       sway1    -    *    ---------|------              { 13.00,  14.00,  29.50,  48.50, 101.00}
        3       all                *        |                    { 47.50,  47.50,  47.50,  47.50,  47.50}

ScottsKnot for: Effort-
        1       sway2    *            ------|--                  { 36.00,  60.00,  60.00, 300.00, 432.00}
        1       xpln2    *------------------|--                  { 50.00,  60.00,  60.00,  82.00, 432.00}
        1       xpln1    -*       ----------|--                  { 50.00,  60.00,  72.00, 215.00, 432.00}
        2       sway1    -  *      ---------|--                  { 60.00,  60.00, 120.00, 239.00, 444.00}
        3       all                 *       |                    {252.00, 252.00, 252.00, 252.00, 252.00}

ScottsKnot for: Defects-
        1       xpln2    *------------------|                    {324.00, 437.00, 575.00, 704.00, 3340.00}
        2       sway2    -*         --------|-----------         {302.00, 566.00, 683.00, 2077.00, 4840.00}
        2       xpln1    -  *     ----------|-------             {324.00, 477.00, 986.00, 1763.00, 4256.00}
        2       sway1    -- *         ------|-----------         {437.00, 683.00, 920.00, 2409.00, 4840.00}
        3       all                *        |                    {2007.00, 2007.00, 2007.00, 2007.00, 2007.00}

ScottsKnot for: Months-
        1       xpln2    --  * -------------|---------           { 11.20,  12.40,  13.90,  15.20,  26.90}
        1       sway2    ----- *          --|-----------         { 11.00,  13.90,  14.80,  21.00,  28.00}
        1       sway1     ------ *         -|-------------       { 12.40,  14.80,  16.00,  21.40,  28.80}
        1       xpln1    -----      *     --|-------------       { 11.20,  13.90,  17.60,  20.80,  28.80}
        2       all                        *|                    { 21.40,  21.40,  21.40,  21.40,  21.40}