============================================
Dataset: pom.csv
============================================
Mean results of best outcomes from 20 runs
============================================

         Cost-  Completion+     Idle-
all      326.11 0.9     0.24
sway1    240.3  0.9     0.26
xpln1    317.84 0.9     0.24
sway2    317.68 0.9     0.23
xpln2    326.94 0.9     0.24
top      81.12  1.0     0.0


============================================
Effect Size Test Comparison - Cliff's Delta
============================================
                 Cost-  Completion+     Idle-
all to all       =      =       =
all to sway1     ≠      =       =
all to sway2     =      =       =
sway1 to sway2   ≠      =       ≠
sway1 to xpln1   ≠      =       =
sway2 to xpln2   =      ≠       =
sway1 to top     ≠      ≠       ≠


============================================
ScottsKnot
============================================

ScottsKnot for: Cost-
        1       sway1    ---  *  -----------|                    {157.99, 190.00, 225.77, 270.20, 423.26}
        2       sway2    ------     *      -|----                {147.31, 232.88, 310.56, 407.93, 484.24}
        2       all                 -*-     |                    {313.22, 319.47, 327.20, 335.84, 339.77}
        2       xpln1              --*-     |                    {306.01, 314.95, 326.98, 329.95, 339.90}
        2       xpln2            ---- *-    |                    {266.03, 319.20, 334.88, 339.38, 350.08}

ScottsKnot for: Completion+
        1       sway2    -----*      -------|-------------       {  0.88,   0.89,   0.89,   0.90,   0.93}
        1       sway1    ------      *      |-------------       {  0.88,   0.89,   0.90,   0.91,   0.93}
        1       xpln2         -------*      |                    {  0.89,   0.90,   0.90,   0.90,   0.90}
        1       xpln1                *      |                    {  0.90,   0.90,   0.90,   0.90,   0.90}
        1       all           -      *      |                    {  0.89,   0.89,   0.90,   0.90,   0.90}

ScottsKnot for: Idle-
        1       sway2                 ----- |*     --------      {  0.19,   0.21,   0.23,   0.26,   0.30}
        2       xpln1                     --|- * ------          {  0.21,   0.23,   0.24,   0.25,   0.28}
        2       xpln2                       |--- *--             {  0.22,   0.24,   0.25,   0.25,   0.26}
        2       all                         |-   *--             {  0.22,   0.23,   0.25,   0.25,   0.26}
        2       sway1                     --|        *-------    {  0.21,   0.22,   0.27,   0.28,   0.31}