============================================
Dataset: SSM.csv
============================================
Mean results of best outcomes from 20 runs
============================================

         NUMBERITERATIONS-      TIMETOSOLUTION-
all      6.8    134.54
sway1    4.9    115.41
xpln1    6.85   133.61
sway2    5.6    117.37
xpln2    6.95   134.44
top      3.0    32.96


============================================
Effect Size Test Comparison - Cliff's Delta
============================================
                 NUMBERITERATIONS-      TIMETOSOLUTION-
all to all       =      =
all to sway1     ≠      ≠
all to sway2     ≠      ≠
sway1 to sway2   =      =
sway1 to xpln1   ≠      ≠
sway2 to xpln2   ≠      ≠
sway1 to top     ≠      ≠


============================================
ScottsKnot
============================================

ScottsKnot for: NUMBERITERATIONS-
        1       sway1    -------*--------   |                    {  4.00,   5.00,   5.00,   5.00,   6.00}
        1       sway2    -------*       ----|------------        {  4.00,   5.00,   5.00,   6.00,   8.00}
        2       xpln2                       |   *                {  7.00,   7.00,   7.00,   7.00,   7.00}
        2       xpln1                   ----|---*                {  6.00,   7.00,   7.00,   7.00,   7.00}
        2       all                     ----|---*                {  6.00,   7.00,   7.00,   7.00,   7.00}

ScottsKnot for: TIMETOSOLUTION-
        1       sway1           ----  *   --|--------------      { 94.81, 103.21, 109.36, 119.75, 156.41}
        1       sway2          -------   *  |   ------------     { 93.11, 107.85, 115.69, 133.62, 157.71}
        2       xpln1                       |  -*---             {130.00, 132.01, 133.13, 135.33, 138.95}
        2       xpln2                       |  --*--             {130.30, 132.10, 134.49, 137.31, 139.38}
        2       all                         |   -*--             {131.34, 133.54, 134.58, 136.03, 138.61}