============================================
Dataset: SSN.csv
============================================
Mean results of best outcomes from 20 runs
============================================

         PSNR-  Energy-
all      45.81  1276.57
sway1    45.1   906.18
xpln1    45.58  1238.3
sway2    44.69  1367.37
xpln2    46.15  1198.94
top      15.89  0.0


============================================
Effect Size Test Comparison - Cliff's Delta
============================================
                 PSNR-  Energy-
all to all       =      =
all to sway1     =      ≠
all to sway2     ≠      =
sway1 to sway2   =      ≠
sway1 to xpln1   =      ≠
sway2 to xpln2   ≠      =
sway1 to top     ≠      ≠


============================================
ScottsKnot
============================================

ScottsKnot for: PSNR-
        1       sway2       ------     *  --|-----               { 41.76,  43.34,  44.87,  45.89,  47.80}
        2       sway1       -----------   *-|-----               { 41.74,  44.65,  45.85,  45.98,  47.87}
        2       xpln1                   --* |                    { 45.40,  45.82,  45.85,  45.88,  45.93}
        2       all                       * |                    { 45.74,  45.83,  45.90,  45.92,  45.94}
        2       xpln2                     *-|----                { 45.82,  45.86,  45.91,  45.93,  47.64}

ScottsKnot for: Energy-
        1       sway1    *           ---    |                    {524.52, 554.89, 607.78, 1256.01, 1405.58}
        2       xpln1               *--     |                    {1195.18, 1218.23, 1240.06, 1295.13, 1340.22}
        2       xpln2               *--     |                    {1213.42, 1230.50, 1242.37, 1295.13, 1369.69}
        2       all                 -*-     |                    {1227.33, 1252.85, 1278.96, 1298.78, 1349.43}
        2       sway2    ------------ *  ---|----------------    {564.43, 1224.16, 1352.61, 1491.18, 2630.41}